  HomeTask.c
C:\Users\User\VisualStudioProjects\Labs1sem\12Laba\HomeTask\HomeTask.c(6,2): warning C4013: system: нет определения; предполагается "extern" с возвратом типа "int"
C:\Users\User\VisualStudioProjects\Labs1sem\12Laba\HomeTask\HomeTask.c(19,49): warning C4311: приведение типов: усечение указателя из "char *" в "unsigned long"
C:\Users\User\VisualStudioProjects\Labs1sem\12Laba\HomeTask\HomeTask.c(19,75): warning C4311: приведение типов: усечение указателя из "char *" в "unsigned long"
C:\Users\User\VisualStudioProjects\Labs1sem\12Laba\HomeTask\HomeTask.c(21,54): warning C4311: приведение типов: усечение указателя из "short *" в "unsigned long"
C:\Users\User\VisualStudioProjects\Labs1sem\12Laba\HomeTask\HomeTask.c(21,81): warning C4311: приведение типов: усечение указателя из "short *" в "unsigned long"
C:\Users\User\VisualStudioProjects\Labs1sem\12Laba\HomeTask\HomeTask.c(23,63): warning C4311: приведение типов: усечение указателя из "unsigned short *" в "unsigned long"
C:\Users\User\VisualStudioProjects\Labs1sem\12Laba\HomeTask\HomeTask.c(23,91): warning C4311: приведение типов: усечение указателя из "unsigned short *" в "unsigned long"
C:\Users\User\VisualStudioProjects\Labs1sem\12Laba\HomeTask\HomeTask.c(25,48): warning C4311: приведение типов: усечение указателя из "int *" в "unsigned long"
C:\Users\User\VisualStudioProjects\Labs1sem\12Laba\HomeTask\HomeTask.c(25,74): warning C4311: приведение типов: усечение указателя из "int *" в "unsigned long"
C:\Users\User\VisualStudioProjects\Labs1sem\12Laba\HomeTask\HomeTask.c(27,58): warning C4311: приведение типов: усечение указателя из "unsigned char *" в "unsigned long"
C:\Users\User\VisualStudioProjects\Labs1sem\12Laba\HomeTask\HomeTask.c(27,85): warning C4311: приведение типов: усечение указателя из "unsigned char *" в "unsigned long"
C:\Users\User\VisualStudioProjects\Labs1sem\12Laba\HomeTask\HomeTask.c(29,52): warning C4311: приведение типов: усечение указателя из "wchar_t *" в "unsigned long"
C:\Users\User\VisualStudioProjects\Labs1sem\12Laba\HomeTask\HomeTask.c(29,79): warning C4311: приведение типов: усечение указателя из "wchar_t *" в "unsigned long"
C:\Users\User\VisualStudioProjects\Labs1sem\12Laba\HomeTask\HomeTask.c(31,58): warning C4311: приведение типов: усечение указателя из "__int64 *" в "unsigned long"
C:\Users\User\VisualStudioProjects\Labs1sem\12Laba\HomeTask\HomeTask.c(31,86): warning C4311: приведение типов: усечение указателя из "__int64 *" в "unsigned long"
C:\Users\User\VisualStudioProjects\Labs1sem\12Laba\HomeTask\HomeTask.c(33,51): warning C4311: приведение типов: усечение указателя из "size_t *" в "unsigned long"
C:\Users\User\VisualStudioProjects\Labs1sem\12Laba\HomeTask\HomeTask.c(33,78): warning C4311: приведение типов: усечение указателя из "size_t *" в "unsigned long"
C:\Users\User\VisualStudioProjects\Labs1sem\12Laba\HomeTask\HomeTask.c(35,50): warning C4311: приведение типов: усечение указателя из "float *" в "unsigned long"
C:\Users\User\VisualStudioProjects\Labs1sem\12Laba\HomeTask\HomeTask.c(35,76): warning C4311: приведение типов: усечение указателя из "float *" в "unsigned long"
C:\Users\User\VisualStudioProjects\Labs1sem\12Laba\HomeTask\HomeTask.c(37,51): warning C4311: приведение типов: усечение указателя из "double *" в "unsigned long"
C:\Users\User\VisualStudioProjects\Labs1sem\12Laba\HomeTask\HomeTask.c(37,77): warning C4311: приведение типов: усечение указателя из "double *" в "unsigned long"
C:\Users\User\VisualStudioProjects\Labs1sem\12Laba\HomeTask\HomeTask.c(39,55): warning C4311: приведение типов: усечение указателя из "int *" в "unsigned long"
C:\Users\User\VisualStudioProjects\Labs1sem\12Laba\HomeTask\HomeTask.c(39,83): warning C4311: приведение типов: усечение указателя из "int *" в "unsigned long"
  HomeTask.vcxproj -> C:\Users\User\VisualStudioProjects\Labs1sem\12Laba\Task1\x64\Debug\HomeTask.exe
